# JRE version: Java(TM) SE Runtime Environment (8.0_241-b07) (build 1.8.0_241-b07)
# Java VM: Java HotSpot(TM) 64-Bit Server VM (25.241-b07 mixed mode windows-amd64 compressed oops)
Heap:
 PSYoungGen      total 319488K, used 79686K [0x00000000d7180000, 0x00000000f4c80000, 0x0000000100000000)
  eden space 287744K, 27% used [0x00000000d7180000,0x00000000dbedc6f0,0x00000000e8a80000)
  from space 31744K, 1% used [0x00000000eb780000,0x00000000eb7f53b0,0x00000000ed680000)
  to   space 46080K, 0% used [0x00000000e8a80000,0x00000000e8a80000,0x00000000eb780000)
 ParOldGen       total 155648K, used 64287K [0x0000000085400000, 0x000000008ec00000, 0x00000000d7180000)
  object space 155648K, 41% used [0x0000000085400000,0x00000000892c7fa8,0x000000008ec00000)
 Metaspace       used 29900K, capacity 30516K, committed 30896K, reserved 1077248K
  class space    used 3479K, capacity 3649K, committed 3760K, reserved 1048576K
GC Heap History (10 events):
Event: 5.281 GC heap before
{Heap before GC invocations=6 (full 1):
 PSYoungGen      total 132096K, used 5088K [0x00000000d7180000, 0x00000000e7f80000, 0x0000000100000000)
  eden space 126976K, 0% used [0x00000000d7180000,0x00000000d7180000,0x00000000ded80000)
  from space 5120K, 99% used [0x00000000ded80000,0x00000000df278030,0x00000000df280000)
  to   space 11264K, 0% used [0x00000000e7480000,0x00000000e7480000,0x00000000e7f80000)
 ParOldGen       total 84992K, used 12576K [0x0000000085400000, 0x000000008a700000, 0x00000000d7180000)
  object space 84992K, 14% used [0x0000000085400000,0x0000000086048040,0x000000008a700000)
 Metaspace       used 20784K, capacity 21156K, committed 21296K, reserved 1069056K
  class space    used 2482K, capacity 2578K, committed 2608K, reserved 1048576K
Event: 5.359 GC heap after
Heap after GC invocations=6 (full 1):
 PSYoungGen      total 132096K, used 0K [0x00000000d7180000, 0x00000000e7f80000, 0x0000000100000000)
  eden space 126976K, 0% used [0x00000000d7180000,0x00000000d7180000,0x00000000ded80000)
  from space 5120K, 0% used [0x00000000ded80000,0x00000000ded80000,0x00000000df280000)
  to   space 11264K, 0% used [0x00000000e7480000,0x00000000e7480000,0x00000000e7f80000)
 ParOldGen       total 64512K, used 11444K [0x0000000085400000, 0x0000000089300000, 0x00000000d7180000)
  object space 64512K, 17% used [0x0000000085400000,0x0000000085f2d118,0x0000000089300000)
 Metaspace       used 20784K, capacity 21156K, committed 21296K, reserved 1069056K
  class space    used 2482K, capacity 2578K, committed 2608K, reserved 1048576K
}
Event: 7.508 GC heap before
{Heap before GC invocations=7 (full 1):
 PSYoungGen      total 132096K, used 126976K [0x00000000d7180000, 0x00000000e7f80000, 0x0000000100000000)
  eden space 126976K, 100% used [0x00000000d7180000,0x00000000ded80000,0x00000000ded80000)
  from space 5120K, 0% used [0x00000000ded80000,0x00000000ded80000,0x00000000df280000)
  to   space 11264K, 0% used [0x00000000e7480000,0x00000000e7480000,0x00000000e7f80000)
 ParOldGen       total 64512K, used 11444K [0x0000000085400000, 0x0000000089300000, 0x00000000d7180000)
  object space 64512K, 17% used [0x0000000085400000,0x0000000085f2d118,0x0000000089300000)
 Metaspace       used 29417K, capacity 29988K, committed 30256K, reserved 1075200K
  class space    used 3424K, capacity 3581K, committed 3632K, reserved 1048576K
Event: 7.531 GC heap after
Heap after GC invocations=7 (full 1):
 PSYoungGen      total 203264K, used 11260K [0x00000000d7180000, 0x00000000e7f80000, 0x0000000100000000)
  eden space 192000K, 0% used [0x00000000d7180000,0x00000000d7180000,0x00000000e2d00000)
  from space 11264K, 99% used [0x00000000e7480000,0x00000000e7f7f1d8,0x00000000e7f80000)
  to   space 19456K, 0% used [0x00000000e5980000,0x00000000e5980000,0x00000000e6c80000)
 ParOldGen       total 64512K, used 22756K [0x0000000085400000, 0x0000000089300000, 0x00000000d7180000)
  object space 64512K, 35% used [0x0000000085400000,0x0000000086a392a8,0x0000000089300000)
 Metaspace       used 29417K, capacity 29988K, committed 30256K, reserved 1075200K
  class space    used 3424K, capacity 3581K, committed 3632K, reserved 1048576K
}
Event: 8.376 GC heap before
{Heap before GC invocations=8 (full 1):
 PSYoungGen      total 203264K, used 203260K [0x00000000d7180000, 0x00000000e7f80000, 0x0000000100000000)
  eden space 192000K, 100% used [0x00000000d7180000,0x00000000e2d00000,0x00000000e2d00000)
  from space 11264K, 99% used [0x00000000e7480000,0x00000000e7f7f1d8,0x00000000e7f80000)
  to   space 19456K, 0% used [0x00000000e5980000,0x00000000e5980000,0x00000000e6c80000)
 ParOldGen       total 64512K, used 22756K [0x0000000085400000, 0x0000000089300000, 0x00000000d7180000)
  object space 64512K, 35% used [0x0000000085400000,0x0000000086a392a8,0x0000000089300000)
 Metaspace       used 29885K, capacity 30516K, committed 30896K, reserved 1077248K
  class space    used 3477K, capacity 3649K, committed 3760K, reserved 1048576K
Event: 8.406 GC heap after
Heap after GC invocations=8 (full 1):
 PSYoungGen      total 257024K, used 19448K [0x00000000d7180000, 0x00000000ed680000, 0x0000000100000000)
  eden space 237568K, 0% used [0x00000000d7180000,0x00000000d7180000,0x00000000e5980000)
  from space 19456K, 99% used [0x00000000e5980000,0x00000000e6c7e0f0,0x00000000e6c80000)
  to   space 31744K, 0% used [0x00000000eb780000,0x00000000eb780000,0x00000000ed680000)
 ParOldGen       total 64512K, used 40717K [0x0000000085400000, 0x0000000089300000, 0x00000000d7180000)
  object space 64512K, 63% used [0x0000000085400000,0x0000000087bc3408,0x0000000089300000)
 Metaspace       used 29885K, capacity 30516K, committed 30896K, reserved 1077248K
  class space    used 3477K, capacity 3649K, committed 3760K, reserved 1048576K
}
Event: 9.630 GC heap before
{Heap before GC invocations=9 (full 1):
 PSYoungGen      total 257024K, used 257016K [0x00000000d7180000, 0x00000000ed680000, 0x0000000100000000)
  eden space 237568K, 100% used [0x00000000d7180000,0x00000000e5980000,0x00000000e5980000)
  from space 19456K, 99% used [0x00000000e5980000,0x00000000e6c7e0f0,0x00000000e6c80000)
  to   space 31744K, 0% used [0x00000000eb780000,0x00000000eb780000,0x00000000ed680000)
 ParOldGen       total 64512K, used 40717K [0x0000000085400000, 0x0000000089300000, 0x00000000d7180000)
  object space 64512K, 63% used [0x0000000085400000,0x0000000087bc3408,0x0000000089300000)
 Metaspace       used 29890K, capacity 30516K, committed 30896K, reserved 1077248K
  class space    used 3477K, capacity 3649K, committed 3760K, reserved 1048576K
Event: 9.701 GC heap after
Heap after GC invocations=9 (full 1):
 PSYoungGen      total 319488K, used 31740K [0x00000000d7180000, 0x00000000f4c80000, 0x0000000100000000)
  eden space 287744K, 0% used [0x00000000d7180000,0x00000000d7180000,0x00000000e8a80000)
  from space 31744K, 99% used [0x00000000eb780000,0x00000000ed67f020,0x00000000ed680000)
  to   space 46080K, 0% used [0x00000000e8a80000,0x00000000e8a80000,0x00000000eb780000)
 ParOldGen       total 64512K, used 60253K [0x0000000085400000, 0x0000000089300000, 0x00000000d7180000)
  object space 64512K, 93% used [0x0000000085400000,0x0000000088ed77c8,0x0000000089300000)
 Metaspace       used 29890K, capacity 30516K, committed 30896K, reserved 1077248K
  class space    used 3477K, capacity 3649K, committed 3760K, reserved 1048576K
}
Event: 9.701 GC heap before
{Heap before GC invocations=10 (full 2):
 PSYoungGen      total 319488K, used 31740K [0x00000000d7180000, 0x00000000f4c80000, 0x0000000100000000)
  eden space 287744K, 0% used [0x00000000d7180000,0x00000000d7180000,0x00000000e8a80000)
  from space 31744K, 99% used [0x00000000eb780000,0x00000000ed67f020,0x00000000ed680000)
  to   space 46080K, 0% used [0x00000000e8a80000,0x00000000e8a80000,0x00000000eb780000)
 ParOldGen       total 64512K, used 60253K [0x0000000085400000, 0x0000000089300000, 0x00000000d7180000)
  object space 64512K, 93% used [0x0000000085400000,0x0000000088ed77c8,0x0000000089300000)
 Metaspace       used 29890K, capacity 30516K, committed 30896K, reserved 1077248K
  class space    used 3477K, capacity 3649K, committed 3760K, reserved 1048576K
Event: 9.883 GC heap after
Heap after GC invocations=10 (full 2):
 PSYoungGen      total 319488K, used 468K [0x00000000d7180000, 0x00000000f4c80000, 0x0000000100000000)
  eden space 287744K, 0% used [0x00000000d7180000,0x00000000d7180000,0x00000000e8a80000)
  from space 31744K, 1% used [0x00000000eb780000,0x00000000eb7f53b0,0x00000000ed680000)
  to   space 46080K, 0% used [0x00000000e8a80000,0x00000000e8a80000,0x00000000eb780000)
 ParOldGen       total 155648K, used 64287K [0x0000000085400000, 0x000000008ec00000, 0x00000000d7180000)
  object space 155648K, 41% used [0x0000000085400000,0x00000000892c7fa8,0x000000008ec00000)
 Metaspace       used 29890K, capacity 30516K, committed 30896K, reserved 1077248K
  class space    used 3477K, capacity 3649K, committed 3760K, reserved 1048576K
}

